C51 COMPILER V9.60.0.0   EEPROM                                                            10/13/2020 20:08:46 PAGE 1   


C51 COMPILER V9.60.0.0, COMPILATION OF MODULE EEPROM
OBJECT MODULE PLACED IN .\Objects\EEPROM.obj
COMPILER INVOKED BY: C:\Keil_v5\C51\BIN\C51.EXE EEPROM.c OPTIMIZE(8,SPEED) BROWSE DEBUG OBJECTEXTEND PRINT(.\Listings\EE
                    -PROM.lst) TABS(2) OBJECT(.\Objects\EEPROM.obj)

line level    source

   1          
   2          #include "stc8.h"
   3          #include <intrins.h>
   4          
   5          /******************************************************
   6          注意：下载时，下载界面“硬件选项” 中下面的项要固定如下设置：
   7          不勾选     允许低压复位（禁止低压中断）
   8                     低压检测电压 4.64V
   9          不勾选     低压时禁止EEPROM操作
  10          
  11          *******************************************************/
  12          
  13          #define WT_30M          0x80
  14          #define WT_24M          0x81
  15          #define WT_20M          0x82
  16          #define WT_12M          0x83
  17          #define WT_6M           0x84
  18          #define WT_3M           0x85
  19          #define WT_2M           0x86
  20          #define WT_1M           0x87
  21          
  22          
  23          void IapIdle()
  24          {
  25   1          IAP_CONTR = 0;                              //关闭IAP功能
  26   1          IAP_CMD = 0;                                //清除命令寄存器
  27   1          IAP_TRIG = 0;                               //清除触发寄存器
  28   1          IAP_ADDRH = 0x80;                           //将地址设置到非IAP区域
  29   1          IAP_ADDRL = 0;
  30   1      }
  31          
  32          char IapRead(int addr)
  33          {
  34   1          char dat;
  35   1      
  36   1          IAP_CONTR = WT_24M;//WT_12M;                 //使能IAP
  37   1          IAP_CMD = 1;                                //设置IAP读命令
  38   1          IAP_ADDRL = addr;                           //设置IAP低地址
  39   1          IAP_ADDRH = addr >> 8;                      //设置IAP高地址
  40   1          IAP_TRIG = 0x5a;                            //写触发命令(0x5a)
  41   1          IAP_TRIG = 0xa5;                            //写触发命令(0xa5)
  42   1          _nop_();
  43   1          dat = IAP_DATA;                             //读IAP数据
  44   1          IapIdle();                                  //关闭IAP功能
  45   1      
  46   1          return dat;
  47   1      }
  48          
  49          void IapProgram(int addr, char dat)
  50          {
  51   1          IAP_CONTR = WT_24M;//WT_12M;                 //使能IAP
  52   1          IAP_CMD = 2;                                //设置IAP写命令
  53   1          IAP_ADDRL = addr;                           //设置IAP低地址
  54   1          IAP_ADDRH = addr >> 8;                      //设置IAP高地址
C51 COMPILER V9.60.0.0   EEPROM                                                            10/13/2020 20:08:46 PAGE 2   

  55   1          IAP_DATA = dat;                             //写IAP数据
  56   1          IAP_TRIG = 0x5a;                            //写触发命令(0x5a)
  57   1          IAP_TRIG = 0xa5;                            //写触发命令(0xa5)
  58   1          _nop_();
  59   1          IapIdle();                                  //关闭IAP功能
  60   1      }
  61          
  62          void IapErase(int addr)
  63          {
  64   1          IAP_CONTR = WT_24M;//WT_12M;                //使能IAP
  65   1          IAP_CMD = 3;                                //设置IAP擦除命令
  66   1          IAP_ADDRL = addr;                           //设置IAP低地址
  67   1          IAP_ADDRH = addr >> 8;                      //设置IAP高地址
  68   1          IAP_TRIG = 0x5a;                            //写触发命令(0x5a)
  69   1          IAP_TRIG = 0xa5;                            //写触发命令(0xa5)
  70   1          _nop_();                                    //
  71   1          IapIdle();                                  //关闭IAP功能
  72   1      }
  73          
  74          


MODULE INFORMATION:   STATIC OVERLAYABLE
   CODE SIZE        =     83    ----
   CONSTANT SIZE    =   ----    ----
   XDATA SIZE       =   ----    ----
   PDATA SIZE       =   ----    ----
   DATA SIZE        =   ----    ----
   IDATA SIZE       =   ----    ----
   BIT SIZE         =   ----    ----
END OF MODULE INFORMATION.


C51 COMPILATION COMPLETE.  0 WARNING(S),  0 ERROR(S)
