C51 COMPILER V9.60.0.0   TIMER                                                             10/13/2020 20:08:46 PAGE 1   


C51 COMPILER V9.60.0.0, COMPILATION OF MODULE TIMER
OBJECT MODULE PLACED IN .\Objects\timer.obj
COMPILER INVOKED BY: C:\Keil_v5\C51\BIN\C51.EXE timer.c OPTIMIZE(8,SPEED) BROWSE DEBUG OBJECTEXTEND PRINT(.\Listings\tim
                    -er.lst) TABS(2) OBJECT(.\Objects\timer.obj)

line level    source

   1          
   2          #include <intrins.h>
   3          #include "stc8.h"
   4          
   5          
   6          extern unsigned char SELF_TEST_ZOOM_FLAG;
   7          extern unsigned char SELF_TEST_FOCUS_FLAG;
   8          extern unsigned char CNT_FLAG;
   9          
  10          /****************************************************************************
  11          * 名    称: void Timer0Init(void) 
  12          * 功    能: 定时器0初始化 使用内部24MHz时钟
  13          * 入口参数: 无
  14          * 出口参数: 无
  15          * 说    明:
  16          * 调用方法:
  17          ****************************************************************************/
  18          void Timer0Init(void)   //1??@24.000MHz
  19          {
  20   1        AUXR &= 0x7F;   //?????12T??
  21   1        TMOD &= 0xF0;   //???????
  22   1        TL0 = 0x30;   //设置定时器初值
  23   1        TH0 = 0xF8;   //设置定时器初值
  24   1        TF0 = 0;    //清除TF0标志
  25   1        TR0 = 1;    //定时器0开始计时
  26   1        
  27   1        ET0 = 1;    //使能定时器中断
  28   1        EA = 1;
  29   1      }
  30          
  31          
  32          
  33          /****************************************************************************
  34          * 名    称: void TM0_Isr() interrupt 1 using 1
  35          * 功    能: 定时器0中断函数 间隔时间1ms
  36          * 入口参数: 无
  37          * 出口参数: 无
  38          * 说    明:
  39          * 调用方法:
  40          ****************************************************************************/
  41          void TM0_Isr() interrupt 1 using 1
  42          {
  43   1      
  44   1      }
  45          
  46          
  47          
  48          /****************************************************************************
  49          * 名    称: void Timer4Init(void) 
  50          * 功    能: 定时器4初始化 使用内部24MHz时钟
  51          * 入口参数: 无
  52          * 出口参数: 无
  53          * 说    明:
  54          * 调用方法:
C51 COMPILER V9.60.0.0   TIMER                                                             10/13/2020 20:08:46 PAGE 2   

  55          ****************************************************************************/
  56          void Timer4Init(void)   //1??@24.000MHz
  57          {//0x30fb == 1111 1000 0011 0000 == 63536
  58   1        T4L = 0x30;   //设置定时器初值  65536-24M/12/1000 == 63536
  59   1        T4H = 0xf8;   //设置定时器初值  当T4H,T4L中的是6位计数值溢出时,系统将内部16位重载值装入T4H,T4L;
  60   1        T4T3M = 0x80; //定时器4开始计数                             
  61   1        IE2 = ET4;    //允许T4（计算器溢出）中断
  62   1        EA = 1;       //CPU开放中断
  63   1      }
  64          
  65          
  66          
  67          /****************************************************************************
  68          * 名    称: void TM4_Isr() interrupt 20 using 1
  69          * 功    能: 定时器4中断函数 间隔时间1ms
  70          * 入口参数: 无
  71          * 出口参数: 无
  72          * 说    明:
  73          * 调用方法:
  74          ****************************************************************************/
  75          void TM4_Isr() interrupt 20 using 1
  76          {
  77   1         // P03 = !P03;
  78   1          SELF_TEST_ZOOM_FLAG = !SELF_TEST_ZOOM_FLAG;
  79   1          SELF_TEST_FOCUS_FLAG = !SELF_TEST_FOCUS_FLAG;
  80   1          CNT_FLAG = 1;
  81   1          AUXINTIF &= ~T4IF;                          //清中断标志
  82   1      }
  83          
  84          
  85          /****************************************************************************
  86          * 名    称: void StopTime(void)
  87          * 功    能: 停止定时器
  88          * 入口参数: 无
  89          * 出口参数: 无
  90          * 说    明:
  91          * 调用方法:
  92          ****************************************************************************/
  93          void StopTime(void)
  94          {
  95   1          T4T3M = 0x00; //停止定时器4
  96   1      }
  97          
  98          
  99          
 100          /****************************************************************************
 101          * 名    称: void StartTime(void)
 102          * 功    能: 停止定时器
 103          * 入口参数: 无
 104          * 出口参数: 无
 105          * 说    明:
 106          * 调用方法:
 107          ****************************************************************************/
 108          void StartTime(void)
 109          {
 110   1          T4T3M = 0x80; //启动定时器4
 111   1          IE2 = ET4;
 112   1      }
 113          
 114          
 115          
 116          
C51 COMPILER V9.60.0.0   TIMER                                                             10/13/2020 20:08:46 PAGE 3   

 117          
 118          
 119          


MODULE INFORMATION:   STATIC OVERLAYABLE
   CODE SIZE        =     90    ----
   CONSTANT SIZE    =   ----    ----
   XDATA SIZE       =   ----    ----
   PDATA SIZE       =   ----    ----
   DATA SIZE        =   ----    ----
   IDATA SIZE       =   ----    ----
   BIT SIZE         =   ----    ----
END OF MODULE INFORMATION.


C51 COMPILATION COMPLETE.  0 WARNING(S),  0 ERROR(S)
